<?xml version="1.0" encoding="UTF-8"?>
<!-- Generated by org.testng.reporters.JUnitXMLReporter -->
<testsuite ignored="2" hostname="LAPTOP-GGJ4726G" failures="0" tests="3" name="chrome test" time="0.145" errors="0" timestamp="04 Aug 2019 18:14:44 GMT">
  <testcase classname="TestScript.groupingTests" name="Consulting1" time="0.031"/>
  <testcase classname="TestScript.groupingTests" name="Consulting2" time="0.005"/>
  <testcase classname="TestScript.groupingTests" name="talentTEK_Consulting" time="0.002"/>
  <testcase classname="TestScript.groupingTests" name="talentTEK1" time="0.0">
    <ignored/>
  </testcase> <!-- talentTEK1 -->
  <testcase classname="TestScript.groupingTests" name="talentTEK2" time="0.0">
    <ignored/>
  </testcase> <!-- talentTEK2 -->
</testsuite> <!-- chrome test -->
