<?xml version="1.0" encoding="UTF-8"?>
<testng-results ignored="0" total="2" passed="2" failed="0" skipped="0">
  <reporter-output>
  </reporter-output>
  <suite started-at="2019-08-04T18:53:07Z" name="Default suite" finished-at="2019-08-04T18:53:57Z" duration-ms="49884">
    <groups>
    </groups>
    <test started-at="2019-08-04T18:53:07Z" name="Default test" finished-at="2019-08-04T18:53:57Z" duration-ms="49884">
      <class name="TestScript.DataProviderTest">
        <test-method signature="dataProviderTestCase(java.lang.String, java.lang.String)[pri:0, instance:TestScript.DataProviderTest@4b2bac3f]" started-at="2019-08-04T18:53:07Z" name="dataProviderTestCase" data-provider="Authentication" finished-at="2019-08-04T18:53:35Z" duration-ms="27936" status="PASS">
          <params>
            <param index="0">
              <value>
                <![CDATA[talentTEK]]>
              </value>
            </param>
            <param index="1">
              <value>
                <![CDATA[Test@123]]>
              </value>
            </param>
          </params>
          <reporter-output>
          </reporter-output>
        </test-method> <!-- dataProviderTestCase -->
        <test-method signature="dataProviderTestCase(java.lang.String, java.lang.String)[pri:0, instance:TestScript.DataProviderTest@4b2bac3f]" started-at="2019-08-04T18:53:35Z" name="dataProviderTestCase" data-provider="Authentication" finished-at="2019-08-04T18:53:57Z" duration-ms="21884" status="PASS">
          <params>
            <param index="0">
              <value>
                <![CDATA[talentTEK2]]>
              </value>
            </param>
            <param index="1">
              <value>
                <![CDATA[Test@123]]>
              </value>
            </param>
          </params>
          <reporter-output>
          </reporter-output>
        </test-method> <!-- dataProviderTestCase -->
      </class> <!-- TestScript.DataProviderTest -->
    </test> <!-- Default test -->
  </suite> <!-- Default suite -->
</testng-results>
